<?xml version="1.0" encoding="UTF-8"?>
<!-- Generated by org.testng.reporters.JUnitReportReporter -->
<testsuite hostname="Raj-PC" name="com.amazon.app.ValidateTitle" tests="1" failures="0" timestamp="20 Apr 2018 07:18:19 GMT" time="1.043" errors="0">
  <testcase name="validateTitle" time="1.043" classname="com.amazon.app.ValidateTitle"/>
</testsuite> <!-- com.amazon.app.ValidateTitle -->
