<?xml version="1.0" encoding="UTF-8"?>
<!-- Generated by org.testng.reporters.JUnitReportReporter -->
<testsuite hostname="Raj-PC" name="com.amazon.app.ValidateMenu" tests="1" failures="0" timestamp="20 Apr 2018 07:18:19 GMT" time="0.255" errors="0">
  <testcase name="validateMenu" time="0.255" classname="com.amazon.app.ValidateMenu"/>
</testsuite> <!-- com.amazon.app.ValidateMenu -->
